[Licensing::Module] Trying to connect to existing licensing client channel...
Built from '6000.3/staging' branch; Version is '6000.3.8f1 (1c7db571dde0) revision 1867189'; Using compiler version '194234433'; Build Type 'Release'
[Licensing::IpcConnector] Successfully connected to: "LicenseClient-Pablo" at "2026-04-03T20:18:43.5757448Z"
OS: 'Windows 11  (10.0.26200) Professional' Language: 'en' Physical Memory: 15973 MB
BatchMode: 1, IsHumanControllingUs: 0, StartBugReporterOnCrash: 0, Is64bit: 1
System  architecture: x64
Process architecture: x64
Date: 2026-04-03T20:18:43Z

COMMAND LINE ARGUMENTS:
C:\Program Files\Unity\Hub\Editor\6000.3.8f1\Editor\Unity.exe
-adb2
-batchMode
-noUpm
-name
AssetImportWorker1
-projectPath
C:/Users/Pablo/Documents/GitHub/VirusGameVfx/VFXvirus
-logFile
Logs/AssetImportWorker1.log
-srvPort
60686
-licensingIpc
LicenseClient-Pablo
-job-worker-count
3
-background-job-worker-count
8
-gc-helper-count
1
-name
AssetImport
Successfully changed project path to: C:/Users/Pablo/Documents/GitHub/VirusGameVfx/VFXvirus
C:/Users/Pablo/Documents/GitHub/VirusGameVfx/VFXvirus
[UnityMemory] Configuration Parameters - Can be set up in boot.config
    "memorysetup-temp-allocator-size-nav-mesh-worker=65536"
    "memorysetup-temp-allocator-size-audio-worker=65536"
    "memorysetup-temp-allocator-size-gfx=262144"
    "memorysetup-allocator-temp-initial-block-size-main=262144"
    "memorysetup-allocator-temp-initial-block-size-worker=262144"
    "memorysetup-temp-allocator-size-background-worker=32768"
    "memorysetup-temp-allocator-size-job-worker=262144"
    "memorysetup-temp-allocator-size-preload-manager=33554432"
    "memorysetup-temp-allocator-size-gi-baking-worker=262144"
    "memorysetup-temp-allocator-size-gi-baking-worker=262144"
    "memorysetup-temp-allocator-size-gi-baking-worker=262144"
    "memorysetup-temp-allocator-size-gi-baking-worker=262144"
    "memorysetup-temp-allocator-size-gi-baking-worker=262144"
    "memorysetup-bucket-allocator-granularity=16"
    "memorysetup-bucket-allocator-bucket-count=8"
    "memorysetup-bucket-allocator-block-size=33554432"
    "memorysetup-bucket-allocator-block-count=8"
    "memorysetup-main-allocator-block-size=16777216"
    "memorysetup-thread-allocator-block-size=16777216"
    "memorysetup-gfx-main-allocator-block-size=16777216"
    "memorysetup-gfx-thread-allocator-block-size=16777216"
    "memorysetup-cache-allocator-block-size=4194304"
    "memorysetup-typetree-allocator-block-size=2097152"
    "memorysetup-profiler-bucket-allocator-granularity=16"
    "memorysetup-profiler-bucket-allocator-bucket-count=8"
    "memorysetup-profiler-bucket-allocator-block-size=33554432"
    "memorysetup-profiler-bucket-allocator-block-count=8"
    "memorysetup-profiler-allocator-block-size=16777216"
    "memorysetup-profiler-editor-allocator-block-size=1048576"
    "memorysetup-temp-allocator-size-main=16777216"
    "memorysetup-job-temp-allocator-block-size=2097152"
    "memorysetup-job-temp-allocator-block-size-background=1048576"
    "memorysetup-job-temp-allocator-reduction-small-platforms=262144"
    "memorysetup-temp-allocator-size-cloud-worker=32768"
Player connection [10624]  Target information:

Player connection [10624]  * "[IP] 192.168.56.1 [Port] 0 [Flags] 2 [Guid] 2628017424 [EditorId] 2628017424 [Version] 1048832 [Id] WindowsEditor(7,pablogo-3Y20KB4) [Debug] 1 [PackageName] WindowsEditor [ProjectName] Editor" 

Player connection [10624]  * "[IP] 192.168.1.67 [Port] 0 [Flags] 2 [Guid] 2628017424 [EditorId] 2628017424 [Version] 1048832 [Id] WindowsEditor(7,pablogo-3Y20KB4) [Debug] 1 [PackageName] WindowsEditor [ProjectName] Editor" 

Player connection [10624] Host joined multi-casting on [225.0.0.222:54997]...
Player connection [10624] Host joined alternative multi-casting on [225.0.0.222:34997]...
JobSystem: Creating JobQueue using job-worker-count value 3
Input System module state changed to: Initialized.
[Physics::Module] Initialized fallback backend.
[Physics::Module] Id: 0xdecafbad
Library Redirect Path: Library/
[Physics::Module] Selected backend.
[Physics::Module] Name: PhysX
[Physics::Module] Id: 0xf2b8ea05
[Physics::Module] SDK Version: 4.1.2
[Physics::Module] Integration Version: 1.0.0
[Physics::Module] Threading Mode: Multi-Threaded
Refreshing native plugins compatible for Editor in 10.94 ms, found 3 plugins.
Preloading 0 native plugins for Editor in 0.00 ms.
Initialize engine version: 6000.3.8f1 (1c7db571dde0)
[Subsystems] Discovering subsystems at path C:/Program Files/Unity/Hub/Editor/6000.3.8f1/Editor/Data/Resources/UnitySubsystems
[Subsystems] Discovering subsystems at path C:/Users/Pablo/Documents/GitHub/VirusGameVfx/VFXvirus/Assets
GfxDevice: creating device client; kGfxThreadingModeNonThreaded
Direct3D:
    Version:  Direct3D 11.0 [level 11.1]
    Renderer: Intel(R) Arc(TM) 140V GPU (8GB) (ID=0x64a0)
    Vendor:   Intel
    VRAM:     9105 MB
    Driver:   32.0.101.8247
Initialize mono
Mono path[0] = 'C:/Program Files/Unity/Hub/Editor/6000.3.8f1/Editor/Data/Managed'
Mono path[1] = 'C:/Program Files/Unity/Hub/Editor/6000.3.8f1/Editor/Data/MonoBleedingEdge/lib/mono/unityjit-win32'
Mono config path = 'C:/Program Files/Unity/Hub/Editor/6000.3.8f1/Editor/Data/MonoBleedingEdge/etc'
Using monoOptions --debugger-agent=transport=dt_socket,embedding=1,server=y,suspend=n,address=127.0.0.1:56588
Begin MonoManager ReloadAssembly
Registering precompiled unity dll's ...
Register platform support module: C:/Program Files/Unity/Hub/Editor/6000.3.8f1/Editor/Data/PlaybackEngines/WindowsStandaloneSupport/UnityEditor.WindowsStandalone.Extensions.dll
Registered in 0.003574 seconds.
- Loaded All Assemblies, in  0.706 seconds
Native extension for WindowsStandalone target not found
[Licensing::Client] Handshaking with LicensingClient:
  Version:                 1.17.4+4293ba1
  Session Id:              52b017fa9a4b4c5ebaecbe49767f94dc
  Correlation Id:          0543eb4b818b7815850891207cf3fd1c
  External correlation Id: 6336656724122831328
  Machine Id:              Y68J8cjr2ENHjxrIdNtxelvYuWc=
[Licensing::Module] Successfully connected to LicensingClient on channel: "LicenseClient-Pablo" (connect: 0.00s, validation: 0.01s, handshake: 2.65s)
[Licensing::IpcConnector] Successfully connected to: "LicenseClient-Pablo-notifications" at "2026-04-03T20:18:46.2343184Z"
[Licensing::Module] Licensing Background thread has ended after 2.66s
ScheduleIndexationOnStartup MainProcess:False IndexOnStartup:True
Mono: successfully reloaded assembly
- Finished resetting the current domain, in  0.644 seconds
Domain Reload Profiling: 1346ms
	BeginReloadAssembly (271ms)
		ExecutionOrderSort (0ms)
		DisableScriptedObjects (0ms)
		BackupInstance (0ms)
		ReleaseScriptingObjects (0ms)
		CreateAndSetChildDomain (1ms)
	RebuildCommonClasses (59ms)
	RebuildNativeTypeToScriptingClass (14ms)
	initialDomainReloadingComplete (65ms)
	LoadAllAssembliesAndSetupDomain (294ms)
		LoadAssemblies (262ms)
		RebuildTransferFunctionScriptingTraits (0ms)
		AnalyzeDomain (287ms)
			TypeCache.Refresh (284ms)
				TypeCache.ScanAssembly (264ms)
			BuildScriptInfoCaches (0ms)
			ResolveRequiredComponents (1ms)
	FinalizeReload (645ms)
		ReleaseScriptCaches (0ms)
		RebuildScriptCaches (0ms)
		SetupLoadedEditorAssemblies (589ms)
			LogAssemblyErrors (0ms)
			InitializePlatformSupportModulesInManaged (68ms)
			SetLoadedEditorAssemblies (7ms)
			BeforeProcessingInitializeOnLoad (159ms)
			ProcessInitializeOnLoadAttributes (222ms)
			ProcessInitializeOnLoadMethodAttributes (132ms)
			AfterProcessingInitializeOnLoad (0ms)
			EditorAssembliesLoaded (0ms)
		ExecutionOrderSort2 (0ms)
		AwakeInstancesAfterBackupRestoration (0ms)
========================================================================
Worker process is ready to serve import requests
Import Worker Mode flag is 0x00
Begin MonoManager ReloadAssembly
[Licensing::Client] Successfully resolved entitlement details
[Licensing::Module] License group:
  Id: 4674159089727-UnityPersXXXX
  Product: Unity Personal
  Type: Assigned
  Expiration: Unlimited
- Loaded All Assemblies, in  1.293 seconds
Refreshing native plugins compatible for Editor in 1.43 ms, found 3 plugins.
Native extension for WindowsStandalone target not found
Package Manager log level set to [2]
[Package Manager] Failed to launch server process. Reason: Unity was launched with the -noUpm command-line argument
[Package Manager] Unable to send message (not connected to server process).
[Package Manager] Cannot connect to Unity Package Manager local server
ScheduleIndexationOnStartup MainProcess:False IndexOnStartup:True
Mono: successfully reloaded assembly
- Finished resetting the current domain, in  1.283 seconds
Domain Reload Profiling: 2545ms
	BeginReloadAssembly (273ms)
		ExecutionOrderSort (0ms)
		DisableScriptedObjects (7ms)
		BackupInstance (0ms)
		ReleaseScriptingObjects (0ms)
		CreateAndSetChildDomain (35ms)
	RebuildCommonClasses (66ms)
	RebuildNativeTypeToScriptingClass (21ms)
	initialDomainReloadingComplete (102ms)
	LoadAllAssembliesAndSetupDomain (800ms)
		LoadAssemblies (582ms)
		RebuildTransferFunctionScriptingTraits (0ms)
		AnalyzeDomain (384ms)
			TypeCache.Refresh (287ms)
				TypeCache.ScanAssembly (271ms)
			BuildScriptInfoCaches (82ms)
			ResolveRequiredComponents (11ms)
	FinalizeReload (1284ms)
		ReleaseScriptCaches (0ms)
		RebuildScriptCaches (0ms)
		SetupLoadedEditorAssemblies (784ms)
			LogAssemblyErrors (0ms)
			InitializePlatformSupportModulesInManaged (4ms)
			SetLoadedEditorAssemblies (7ms)
			BeforeProcessingInitializeOnLoad (188ms)
			ProcessInitializeOnLoadAttributes (504ms)
			ProcessInitializeOnLoadMethodAttributes (72ms)
			AfterProcessingInitializeOnLoad (8ms)
			EditorAssembliesLoaded (0ms)
		ExecutionOrderSort2 (0ms)
		AwakeInstancesAfterBackupRestoration (12ms)
Launched and connected shader compiler UnityShaderCompiler.exe after 0.05 seconds
Refreshing native plugins compatible for Editor in 1.62 ms, found 3 plugins.
Preloading 0 native plugins for Editor in 0.00 ms.
Unloading 16 Unused Serialized files (Serialized files now loaded: 0)
Unloading 6186 unused Assets / (3.2 MB). Loaded Objects now: 6987.
Memory consumption went from 141.9 MB to 138.7 MB.
Total: 10.363100 ms (FindLiveObjects: 0.848700 ms CreateObjectMapping: 0.812700 ms MarkObjects: 6.639100 ms  DeleteObjects: 2.060900 ms)

========================================================================
Received Import Request.
  Time since last request: 2439.780539 seconds.
  path: Assets/Models/mapa/Material.003.mat
  artifactKey: Guid(8aef217e493d10a4eb1f49d1353eaa5c) Importer(815301076,1909f56bfc062723c751e8b465ee728b)
Start importing Assets/Models/mapa/Material.003.mat using Guid(8aef217e493d10a4eb1f49d1353eaa5c) Importer(815301076,1909f56bfc062723c751e8b465ee728b) (PreviewImporter) -> (artifact id: '0988aea512242c191689557a3e9d229c') in 1.0836942 seconds
Number of updated asset objects reloaded before import = 0Number of asset objects unloaded after import = 2

========================================================================
Received Import Request.
  Time since last request: 0.000073 seconds.
  path: Assets/Models/mapa/Material.009.mat
  artifactKey: Guid(e7c25a46c2d61e247a108323c6507cc4) Importer(815301076,1909f56bfc062723c751e8b465ee728b)
Start importing Assets/Models/mapa/Material.009.mat using Guid(e7c25a46c2d61e247a108323c6507cc4) Importer(815301076,1909f56bfc062723c751e8b465ee728b) (PreviewImporter) -> (artifact id: '93606d55aa841c07f989104fb7316340') in 0.022845 seconds
Number of updated asset objects reloaded before import = 0Number of asset objects unloaded after import = 2

========================================================================
Received Import Request.
  Time since last request: 0.000069 seconds.
  path: Assets/Models/mapa/Material.010.mat
  artifactKey: Guid(10101bde0a0a88c4a8605afaf8d4385e) Importer(815301076,1909f56bfc062723c751e8b465ee728b)
Start importing Assets/Models/mapa/Material.010.mat using Guid(10101bde0a0a88c4a8605afaf8d4385e) Importer(815301076,1909f56bfc062723c751e8b465ee728b) (PreviewImporter) -> (artifact id: '949669191141e689fecf135f2d033eb5') in 0.0263593 seconds
Number of updated asset objects reloaded before import = 0Number of asset objects unloaded after import = 2

========================================================================
Received Import Request.
  Time since last request: 0.000052 seconds.
  path: Assets/Models/mapa/TubosAr.png
  artifactKey: Guid(35c41294fd40c3946878004e1854888a) Importer(815301076,1909f56bfc062723c751e8b465ee728b)
Start importing Assets/Models/mapa/TubosAr.png using Guid(35c41294fd40c3946878004e1854888a) Importer(815301076,1909f56bfc062723c751e8b465ee728b) (PreviewImporter) -> (artifact id: 'a9378b33f0712f20bbde95d7b80b480a') in 0.0238953 seconds
Number of updated asset objects reloaded before import = 0Number of asset objects unloaded after import = 2

========================================================================
Received Import Request.
  Time since last request: 0.000037 seconds.
  path: Assets/Models/mapa/Material.007.mat
  artifactKey: Guid(d281936c526545c4aa66f1d48ca4e359) Importer(815301076,1909f56bfc062723c751e8b465ee728b)
Start importing Assets/Models/mapa/Material.007.mat using Guid(d281936c526545c4aa66f1d48ca4e359) Importer(815301076,1909f56bfc062723c751e8b465ee728b) (PreviewImporter) -> (artifact id: 'b8e7846611a90279ea23c83a61719eef') in 0.0226561 seconds
Number of updated asset objects reloaded before import = 0Number of asset objects unloaded after import = 2

========================================================================
Received Import Request.
  Time since last request: 0.000039 seconds.
  path: Assets/Models/mapa/Paredes.mat
  artifactKey: Guid(6613681624324ff4784fd529a5f61e11) Importer(815301076,1909f56bfc062723c751e8b465ee728b)
Start importing Assets/Models/mapa/Paredes.mat using Guid(6613681624324ff4784fd529a5f61e11) Importer(815301076,1909f56bfc062723c751e8b465ee728b) (PreviewImporter) -> (artifact id: 'c29141d2af8510ea6d5ffbc0f54f72d6') in 0.0174179 seconds
Number of updated asset objects reloaded before import = 0Number of asset objects unloaded after import = 2

========================================================================
Received Import Request.
  Time since last request: 0.000029 seconds.
  path: Assets/Models/mapa/Piso.png
  artifactKey: Guid(ae02f9593211941439c28fda5c6859f1) Importer(815301076,1909f56bfc062723c751e8b465ee728b)
Start importing Assets/Models/mapa/Piso.png using Guid(ae02f9593211941439c28fda5c6859f1) Importer(815301076,1909f56bfc062723c751e8b465ee728b) (PreviewImporter) -> (artifact id: '6431d495540ee65b5a3d80c40f721ae5') in 0.0226418 seconds
Number of updated asset objects reloaded before import = 0Number of asset objects unloaded after import = 2

========================================================================
Received Import Request.
  Time since last request: 0.000057 seconds.
  path: Assets/Models/mapa/Material.008.mat
  artifactKey: Guid(c71db008bf60320429766a7f8b37a1e4) Importer(815301076,1909f56bfc062723c751e8b465ee728b)
Start importing Assets/Models/mapa/Material.008.mat using Guid(c71db008bf60320429766a7f8b37a1e4) Importer(815301076,1909f56bfc062723c751e8b465ee728b) (PreviewImporter) -> (artifact id: '5a59e15a5309d6b8b3f8ea02b39aac17') in 0.0283461 seconds
Number of updated asset objects reloaded before import = 0Number of asset objects unloaded after import = 2

========================================================================
Received Import Request.
  Time since last request: 0.000045 seconds.
  path: Assets/Models/mapa/Tubis.mat
  artifactKey: Guid(517d9a3304aa1d345975ac171717aa6b) Importer(815301076,1909f56bfc062723c751e8b465ee728b)
Start importing Assets/Models/mapa/Tubis.mat using Guid(517d9a3304aa1d345975ac171717aa6b) Importer(815301076,1909f56bfc062723c751e8b465ee728b) (PreviewImporter) -> (artifact id: 'a5e6c6eab700040f3dfce27ffdf3ffaf') in 0.0170427 seconds
Number of updated asset objects reloaded before import = 0Number of asset objects unloaded after import = 2

========================================================================
Received Import Request.
  Time since last request: 0.000034 seconds.
  path: Assets/Models/mapa/ParedPincel.png
  artifactKey: Guid(3cb9d2899f07d004db08132819bfe4b5) Importer(815301076,1909f56bfc062723c751e8b465ee728b)
Start importing Assets/Models/mapa/ParedPincel.png using Guid(3cb9d2899f07d004db08132819bfe4b5) Importer(815301076,1909f56bfc062723c751e8b465ee728b) (PreviewImporter) -> (artifact id: 'e078baf95ebda0beaff871be425f5717') in 0.0218785 seconds
Number of updated asset objects reloaded before import = 0Number of asset objects unloaded after import = 2

========================================================================
Received Import Request.
  Time since last request: 0.000052 seconds.
  path: Assets/Models/mapa/Material.019.mat
  artifactKey: Guid(cd686ceee036df74eb276008da38134d) Importer(815301076,1909f56bfc062723c751e8b465ee728b)
Start importing Assets/Models/mapa/Material.019.mat using Guid(cd686ceee036df74eb276008da38134d) Importer(815301076,1909f56bfc062723c751e8b465ee728b) (PreviewImporter) -> (artifact id: '41387e62848b4db75123faf2c6a6da48') in 0.0274494 seconds
Number of updated asset objects reloaded before import = 0Number of asset objects unloaded after import = 2

Editor requested this worker to shutdown with reason: Scaling down because of idle timeout
AssetImportWorkerClient::OnTransportError - code=2 error=End of file
AssetImportWorker is now disconnected from the server
Process exiting
Exiting without the bug reporter. Application will terminate with return code 0